<?xml version="1.0" encoding="UTF-8"?>
<testsuite xmlns:xsi="http://www.w3.org/2001/XMLSchema-instance" xsi:noNamespaceSchemaLocation="https://maven.apache.org/surefire/maven-surefire-plugin/xsd/surefire-test-report-3.0.xsd" version="3.0" name="com.nnk.springboot.BidListServiceTests" time="10.8" tests="2" errors="0" skipped="0" failures="0">
  <properties>
[...]
</properties>
  <testcase name="deleteBidList" classname="com.nnk.springboot.BidListServiceTests" time="0.066">
    <system-out><![CDATA[08:29:06.198 [main] INFO org.springframework.test.context.support.AnnotationConfigContextLoaderUtils -- Could not detect default configuration classes for test class [com.nnk.springboot.BidListServiceTests]: BidListServiceTests does not declare any static, non-private, non-final, nested classes annotated with @Configuration.
08:29:06.404 [main] INFO org.springframework.boot.test.context.SpringBootTestContextBootstrapper -- Found @SpringBootConfiguration com.nnk.springboot.Application for test class com.nnk.springboot.BidListServiceTests

  .   ____          _            __ _ _
 /\\ / ___'_ __ _ _(_)_ __  __ _ \ \ \ \
( ( )\___ | '_ | '_| | '_ \/ _` | \ \ \ \
 \\/  ___)| |_)| | | | | || (_| |  ) ) ) )
  '  |____| .__|_| |_|_| |_\__, | / / / /
 =========|_|==============|___/=/_/_/_/
 :: Spring Boot ::                (v3.1.0)

2024-05-28T08:29:07.276+02:00  INFO 13512 --- [           main] com.nnk.springboot.BidListServiceTests   : Starting BidListServiceTests using Java 21 with PID 13512 (started by Pochi in C:\Users\Pochi\Documents\JavaDA_PROJECT7_RESTAPI\Poseiden-skeleton)
2024-05-28T08:29:07.278+02:00  INFO 13512 --- [           main] com.nnk.springboot.BidListServiceTests   : No active profile set, falling back to 1 default profile: "default"
2024-05-28T08:29:08.695+02:00  INFO 13512 --- [           main] .s.d.r.c.RepositoryConfigurationDelegate : Bootstrapping Spring Data JPA repositories in DEFAULT mode.
2024-05-28T08:29:08.839+02:00  INFO 13512 --- [           main] .s.d.r.c.RepositoryConfigurationDelegate : Finished Spring Data repository scanning in 130 ms. Found 6 JPA repository interfaces.
2024-05-28T08:29:09.909+02:00  INFO 13512 --- [           main] o.hibernate.jpa.internal.util.LogHelper  : HHH000204: Processing PersistenceUnitInfo [name: default]
2024-05-28T08:29:10.073+02:00  INFO 13512 --- [           main] org.hibernate.Version                    : HHH000412: Hibernate ORM core version 6.2.2.Final
2024-05-28T08:29:10.077+02:00  INFO 13512 --- [           main] org.hibernate.cfg.Environment            : HHH000406: Using bytecode reflection optimizer
2024-05-28T08:29:10.401+02:00  INFO 13512 --- [           main] o.h.b.i.BytecodeProviderInitiator        : HHH000021: Bytecode provider name : bytebuddy
2024-05-28T08:29:10.721+02:00  INFO 13512 --- [           main] o.s.o.j.p.SpringPersistenceUnitInfo      : No LoadTimeWeaver setup: ignoring JPA class transformer
2024-05-28T08:29:10.752+02:00  INFO 13512 --- [           main] com.zaxxer.hikari.HikariDataSource       : HikariPool-1 - Starting...
2024-05-28T08:29:11.461+02:00  INFO 13512 --- [           main] com.zaxxer.hikari.pool.HikariPool        : HikariPool-1 - Added connection com.mysql.cj.jdbc.ConnectionImpl@45796b2a
2024-05-28T08:29:11.467+02:00  INFO 13512 --- [           main] com.zaxxer.hikari.HikariDataSource       : HikariPool-1 - Start completed.
2024-05-28T08:29:11.620+02:00  INFO 13512 --- [           main] org.hibernate.orm.dialect                : HHH035001: Using dialect: org.hibernate.dialect.MySQLDialect, version: 8.0
2024-05-28T08:29:12.129+02:00  INFO 13512 --- [           main] o.h.b.i.BytecodeProviderInitiator        : HHH000021: Bytecode provider name : bytebuddy
2024-05-28T08:29:13.424+02:00  INFO 13512 --- [           main] o.h.e.t.j.p.i.JtaPlatformInitiator       : HHH000490: Using JtaPlatform implementation: [org.hibernate.engine.transaction.jta.platform.internal.NoJtaPlatform]
Hibernate: alter table bidlist modify column ask  float(53)
Hibernate: alter table bidlist modify column ask_quantity  float(53)
Hibernate: alter table bidlist modify column bid  float(53)
Hibernate: alter table bidlist modify column bid_list_date  datetime(6)
Hibernate: alter table bidlist modify column bid_quantity  float(53) not null
Hibernate: alter table bidlist modify column creation_date  datetime(6)
Hibernate: alter table bidlist modify column revision_date  datetime(6)
Hibernate: alter table curve_point modify column as_of_date  datetime(6)
Hibernate: alter table curve_point modify column creation_date  datetime(6)
Hibernate: alter table curve_point modify column term  float(53)
Hibernate: alter table curve_point modify column value  float(53)
Hibernate: alter table trade modify column buy_price  float(53)
Hibernate: alter table trade modify column buy_quantity  float(53)
Hibernate: alter table trade modify column creation_date  datetime(6)
Hibernate: alter table trade modify column revision_date  datetime(6)
Hibernate: alter table trade modify column sell_price  float(53)
Hibernate: alter table trade modify column sell_quantity  float(53)
Hibernate: alter table trade modify column trade_date  datetime(6)
2024-05-28T08:29:13.846+02:00  INFO 13512 --- [           main] j.LocalContainerEntityManagerFactoryBean : Initialized JPA EntityManagerFactory for persistence unit 'default'
null
Hibernate: select next_val as id_val from bidlist_seq for update
Hibernate: update bidlist_seq set next_val= ? where next_val=?
Hibernate: insert into bidlist (account,ask,ask_quantity,benchmark,bid,bid_list_date,bid_quantity,book,commentary,creation_date,creation_name,deal_name,deal_type,revision_date,revision_name,security,side,source_list_id,status,trader,type,id) values (?,?,?,?,?,?,?,?,?,?,?,?,?,?,?,?,?,?,?,?,?,?)
BidList(id=1202, account=Test, type=test, bidQuantity=13.0, askQuantity=null, bid=null, ask=null, benchmark=null, bidListDate=null, commentary=null, security=null, status=null, trader=null, book=null, creationName=null, creationDate=null, revisionName=null, revisionDate=null, dealName=null, dealType=null, sourceListId=null, side=null)
Hibernate: select b1_0.id,b1_0.account,b1_0.ask,b1_0.ask_quantity,b1_0.benchmark,b1_0.bid,b1_0.bid_list_date,b1_0.bid_quantity,b1_0.book,b1_0.commentary,b1_0.creation_date,b1_0.creation_name,b1_0.deal_name,b1_0.deal_type,b1_0.revision_date,b1_0.revision_name,b1_0.security,b1_0.side,b1_0.source_list_id,b1_0.status,b1_0.trader,b1_0.type from bidlist b1_0 where b1_0.id=?
2024-05-28T08:29:15.111+02:00  WARN 13512 --- [           main] JpaBaseConfiguration$JpaWebConfiguration : spring.jpa.open-in-view is enabled by default. Therefore, database queries may be performed during view rendering. Explicitly configure spring.jpa.open-in-view to disable this warning
2024-05-28T08:29:15.690+02:00  INFO 13512 --- [           main] o.s.s.web.DefaultSecurityFilterChain     : Will secure any request with [org.springframework.security.web.session.DisableEncodeUrlFilter@65192f16, org.springframework.security.web.context.request.async.WebAsyncManagerIntegrationFilter@7ab8c972, org.springframework.security.web.context.SecurityContextHolderFilter@6f8035d6, org.springframework.security.web.header.HeaderWriterFilter@3b0d9da, org.springframework.security.web.authentication.logout.LogoutFilter@7def62d0, org.springframework.security.web.authentication.UsernamePasswordAuthenticationFilter@1174ff02, org.springframework.security.web.authentication.ui.DefaultLoginPageGeneratingFilter@6ddc9001, org.springframework.security.web.authentication.ui.DefaultLogoutPageGeneratingFilter@76cad511, org.springframework.security.web.savedrequest.RequestCacheAwareFilter@2a20aa4e, org.springframework.security.web.servletapi.SecurityContextHolderAwareRequestFilter@4ed492df, org.springframework.security.web.authentication.AnonymousAuthenticationFilter@1ff52a71, org.springframework.security.web.access.ExceptionTranslationFilter@1eda853f, org.springframework.security.web.access.intercept.AuthorizationFilter@26fc464f]
2024-05-28T08:29:16.498+02:00  INFO 13512 --- [           main] com.nnk.springboot.BidListServiceTests   : Started BidListServiceTests in 9.767 seconds (process running for 11.663)
Hibernate: select b1_0.id,b1_0.account,b1_0.ask,b1_0.ask_quantity,b1_0.benchmark,b1_0.bid,b1_0.bid_list_date,b1_0.bid_quantity,b1_0.book,b1_0.commentary,b1_0.creation_date,b1_0.creation_name,b1_0.deal_name,b1_0.deal_type,b1_0.revision_date,b1_0.revision_name,b1_0.security,b1_0.side,b1_0.source_list_id,b1_0.status,b1_0.trader,b1_0.type from bidlist b1_0 where b1_0.id=?
]]></system-out>
  </testcase>
  <testcase name="saveAndUpdateBidList" classname="com.nnk.springboot.BidListServiceTests" time="0.031">
    <system-out><![CDATA[Hibernate: insert into bidlist (account,ask,ask_quantity,benchmark,bid,bid_list_date,bid_quantity,book,commentary,creation_date,creation_name,deal_name,deal_type,revision_date,revision_name,security,side,source_list_id,status,trader,type,id) values (?,?,?,?,?,?,?,?,?,?,?,?,?,?,?,?,?,?,?,?,?,?)
]]></system-out>
  </testcase>
</testsuite>