<?xml version="1.0" encoding="UTF-8"?>
<testsuite xmlns:xsi="http://www.w3.org/2001/XMLSchema-instance" xsi:noNamespaceSchemaLocation="https://maven.apache.org/surefire/maven-surefire-plugin/xsd/surefire-test-report-3.0.xsd" version="3.0" name="com.nnk.springboot.BidListServiceTests" time="9.345" tests="2" errors="0" skipped="0" failures="0">
  <properties>
[...]
</properties>
  <testcase name="saveAndUpdateBidList" classname="com.nnk.springboot.BidListServiceTests" time="0.906">
    <system-out><![CDATA[02:42:46.286 [main] INFO org.springframework.test.context.support.AnnotationConfigContextLoaderUtils -- Could not detect default configuration classes for test class [com.nnk.springboot.BidListServiceTests]: BidListServiceTests does not declare any static, non-private, non-final, nested classes annotated with @Configuration.
02:42:46.476 [main] INFO org.springframework.boot.test.context.SpringBootTestContextBootstrapper -- Found @SpringBootConfiguration com.nnk.springboot.Application for test class com.nnk.springboot.BidListServiceTests

  .   ____          _            __ _ _
 /\\ / ___'_ __ _ _(_)_ __  __ _ \ \ \ \
( ( )\___ | '_ | '_| | '_ \/ _` | \ \ \ \
 \\/  ___)| |_)| | | | | || (_| |  ) ) ) )
  '  |____| .__|_| |_|_| |_\__, | / / / /
 =========|_|==============|___/=/_/_/_/
 :: Spring Boot ::                (v3.1.0)

2024-06-21T02:42:47.192+02:00  INFO 9144 --- [           main] com.nnk.springboot.BidListServiceTests   : Starting BidListServiceTests using Java 21 with PID 9144 (started by Pochi in C:\Users\Pochi\Documents\JavaDA_PROJECT7_RESTAPI\Poseiden-skeleton)
2024-06-21T02:42:47.193+02:00  INFO 9144 --- [           main] com.nnk.springboot.BidListServiceTests   : No active profile set, falling back to 1 default profile: "default"
2024-06-21T02:42:48.283+02:00  INFO 9144 --- [           main] .s.d.r.c.RepositoryConfigurationDelegate : Bootstrapping Spring Data JPA repositories in DEFAULT mode.
2024-06-21T02:42:48.401+02:00  INFO 9144 --- [           main] .s.d.r.c.RepositoryConfigurationDelegate : Finished Spring Data repository scanning in 101 ms. Found 6 JPA repository interfaces.
2024-06-21T02:42:49.213+02:00  INFO 9144 --- [           main] o.hibernate.jpa.internal.util.LogHelper  : HHH000204: Processing PersistenceUnitInfo [name: default]
2024-06-21T02:42:49.301+02:00  INFO 9144 --- [           main] org.hibernate.Version                    : HHH000412: Hibernate ORM core version 6.2.2.Final
2024-06-21T02:42:49.306+02:00  INFO 9144 --- [           main] org.hibernate.cfg.Environment            : HHH000406: Using bytecode reflection optimizer
2024-06-21T02:42:49.553+02:00  INFO 9144 --- [           main] o.h.b.i.BytecodeProviderInitiator        : HHH000021: Bytecode provider name : bytebuddy
2024-06-21T02:42:49.786+02:00  INFO 9144 --- [           main] o.s.o.j.p.SpringPersistenceUnitInfo      : No LoadTimeWeaver setup: ignoring JPA class transformer
2024-06-21T02:42:49.816+02:00  INFO 9144 --- [           main] com.zaxxer.hikari.HikariDataSource       : HikariPool-1 - Starting...
2024-06-21T02:42:50.404+02:00  INFO 9144 --- [           main] com.zaxxer.hikari.pool.HikariPool        : HikariPool-1 - Added connection com.mysql.cj.jdbc.ConnectionImpl@1573e8a5
2024-06-21T02:42:50.408+02:00  INFO 9144 --- [           main] com.zaxxer.hikari.HikariDataSource       : HikariPool-1 - Start completed.
2024-06-21T02:42:50.502+02:00  INFO 9144 --- [           main] org.hibernate.orm.dialect                : HHH035001: Using dialect: org.hibernate.dialect.MySQLDialect, version: 8.0
2024-06-21T02:42:50.958+02:00  INFO 9144 --- [           main] o.h.b.i.BytecodeProviderInitiator        : HHH000021: Bytecode provider name : bytebuddy
2024-06-21T02:42:52.019+02:00  INFO 9144 --- [           main] o.h.e.t.j.p.i.JtaPlatformInitiator       : HHH000490: Using JtaPlatform implementation: [org.hibernate.engine.transaction.jta.platform.internal.NoJtaPlatform]
Hibernate: alter table bidlist modify column ask  float(53)
Hibernate: alter table bidlist modify column ask_quantity  float(53)
Hibernate: alter table bidlist modify column bid  float(53)
Hibernate: alter table bidlist modify column bid_list_date  datetime(6)
Hibernate: alter table bidlist modify column bid_quantity  float(53) not null
Hibernate: alter table bidlist modify column creation_date  datetime(6)
Hibernate: alter table bidlist modify column revision_date  datetime(6)
Hibernate: alter table curve_point modify column as_of_date  datetime(6)
Hibernate: alter table curve_point modify column creation_date  datetime(6)
Hibernate: alter table curve_point modify column term  float(53) not null
Hibernate: alter table curve_point modify column value  float(53) not null
Hibernate: alter table trade modify column buy_price  float(53)
Hibernate: alter table trade modify column buy_quantity  float(53) not null
Hibernate: alter table trade modify column creation_date  datetime(6)
Hibernate: alter table trade modify column revision_date  datetime(6)
Hibernate: alter table trade modify column sell_price  float(53)
Hibernate: alter table trade modify column sell_quantity  float(53)
Hibernate: alter table trade modify column trade_date  datetime(6)
2024-06-21T02:42:52.377+02:00  INFO 9144 --- [           main] j.LocalContainerEntityManagerFactoryBean : Initialized JPA EntityManagerFactory for persistence unit 'default'
Hibernate: select u1_0.id,u1_0.fullname,u1_0.password,u1_0.role,u1_0.username from user u1_0 where u1_0.username=?
2024-06-21T02:42:53.396+02:00  WARN 9144 --- [           main] JpaBaseConfiguration$JpaWebConfiguration : spring.jpa.open-in-view is enabled by default. Therefore, database queries may be performed during view rendering. Explicitly configure spring.jpa.open-in-view to disable this warning
2024-06-21T02:42:53.888+02:00  INFO 9144 --- [           main] o.s.s.web.DefaultSecurityFilterChain     : Will secure any request with [org.springframework.security.web.session.DisableEncodeUrlFilter@7a8e484b, org.springframework.security.web.context.request.async.WebAsyncManagerIntegrationFilter@643f8ebe, org.springframework.security.web.context.SecurityContextHolderFilter@e9947af, org.springframework.security.web.header.HeaderWriterFilter@57eb2555, org.springframework.security.web.authentication.logout.LogoutFilter@313a3af8, org.springframework.security.web.authentication.UsernamePasswordAuthenticationFilter@531ed68e, org.springframework.security.web.authentication.ui.DefaultLoginPageGeneratingFilter@4117e0c9, org.springframework.security.web.authentication.ui.DefaultLogoutPageGeneratingFilter@65013d71, org.springframework.security.web.savedrequest.RequestCacheAwareFilter@30942f54, org.springframework.security.web.servletapi.SecurityContextHolderAwareRequestFilter@74f9004c, org.springframework.security.web.authentication.AnonymousAuthenticationFilter@30a99b85, org.springframework.security.web.access.ExceptionTranslationFilter@7680beac, org.springframework.security.web.access.intercept.AuthorizationFilter@7dd92a36]
2024-06-21T02:42:54.370+02:00  INFO 9144 --- [           main] com.nnk.springboot.BidListServiceTests   : Started BidListServiceTests in 7.604 seconds (process running for 9.275)
Hibernate: select next_val as id_val from bidlist_seq for update
Hibernate: update bidlist_seq set next_val= ? where next_val=?
Hibernate: insert into bidlist (account,ask,ask_quantity,benchmark,bid,bid_list_date,bid_quantity,book,commentary,creation_date,creation_name,deal_name,deal_type,revision_date,revision_name,security,side,source_list_id,status,trader,type,id) values (?,?,?,?,?,?,?,?,?,?,?,?,?,?,?,?,?,?,?,?,?,?)
Hibernate: select b1_0.id,b1_0.account,b1_0.ask,b1_0.ask_quantity,b1_0.benchmark,b1_0.bid,b1_0.bid_list_date,b1_0.bid_quantity,b1_0.book,b1_0.commentary,b1_0.creation_date,b1_0.creation_name,b1_0.deal_name,b1_0.deal_type,b1_0.revision_date,b1_0.revision_name,b1_0.security,b1_0.side,b1_0.source_list_id,b1_0.status,b1_0.trader,b1_0.type from bidlist b1_0 where b1_0.id=?
Hibernate: update bidlist set account=?,ask=?,ask_quantity=?,benchmark=?,bid=?,bid_list_date=?,bid_quantity=?,book=?,commentary=?,creation_date=?,creation_name=?,deal_name=?,deal_type=?,revision_date=?,revision_name=?,security=?,side=?,source_list_id=?,status=?,trader=?,type=? where id=?
Hello2
1
]]></system-out>
    <system-err><![CDATA[WARNING: A Java agent has been loaded dynamically (C:\Users\Pochi\.m2\repository\net\bytebuddy\byte-buddy-agent\1.14.4\byte-buddy-agent-1.14.4.jar)
WARNING: If a serviceability tool is in use, please run with -XX:+EnableDynamicAgentLoading to hide this warning
WARNING: If a serviceability tool is not in use, please run with -Djdk.instrument.traceUsage for more information
WARNING: Dynamic loading of agents will be disallowed by default in a future release
]]></system-err>
  </testcase>
  <testcase name="deleteBidList" classname="com.nnk.springboot.BidListServiceTests" time="0.056">
    <system-out><![CDATA[Hibernate: select b1_0.id,b1_0.account,b1_0.ask,b1_0.ask_quantity,b1_0.benchmark,b1_0.bid,b1_0.bid_list_date,b1_0.bid_quantity,b1_0.book,b1_0.commentary,b1_0.creation_date,b1_0.creation_name,b1_0.deal_name,b1_0.deal_type,b1_0.revision_date,b1_0.revision_name,b1_0.security,b1_0.side,b1_0.source_list_id,b1_0.status,b1_0.trader,b1_0.type from bidlist b1_0 where b1_0.id=?
Hello
1
Hibernate: select b1_0.id,b1_0.account,b1_0.ask,b1_0.ask_quantity,b1_0.benchmark,b1_0.bid,b1_0.bid_list_date,b1_0.bid_quantity,b1_0.book,b1_0.commentary,b1_0.creation_date,b1_0.creation_name,b1_0.deal_name,b1_0.deal_type,b1_0.revision_date,b1_0.revision_name,b1_0.security,b1_0.side,b1_0.source_list_id,b1_0.status,b1_0.trader,b1_0.type from bidlist b1_0 where b1_0.id=?
Hibernate: delete from bidlist where id=?
Hibernate: select b1_0.id,b1_0.account,b1_0.ask,b1_0.ask_quantity,b1_0.benchmark,b1_0.bid,b1_0.bid_list_date,b1_0.bid_quantity,b1_0.book,b1_0.commentary,b1_0.creation_date,b1_0.creation_name,b1_0.deal_name,b1_0.deal_type,b1_0.revision_date,b1_0.revision_name,b1_0.security,b1_0.side,b1_0.source_list_id,b1_0.status,b1_0.trader,b1_0.type from bidlist b1_0 where b1_0.id=?
]]></system-out>
  </testcase>
</testsuite>